  InitShader.cpp
  main.cpp
E:\Zalo Received Files\DHMT_Nhom7\HoangAnh\Tuan1\MoPhongThapCanCau\OpenGL\main.cpp(30,89): warning C4305: 'initializing': truncation from 'double' to 'GLfloat'
E:\Zalo Received Files\DHMT_Nhom7\HoangAnh\Tuan1\MoPhongThapCanCau\OpenGL\main.cpp(31,30): warning C4305: 'initializing': truncation from 'double' to 'GLfloat'
E:\Zalo Received Files\DHMT_Nhom7\HoangAnh\Tuan1\MoPhongThapCanCau\OpenGL\main.cpp(130,40): warning C4305: 'argument': truncation from 'double' to 'GLfloat'
E:\Zalo Received Files\DHMT_Nhom7\HoangAnh\Tuan1\MoPhongThapCanCau\OpenGL\main.cpp(135,43): warning C4305: 'argument': truncation from 'double' to 'GLfloat'
E:\Zalo Received Files\DHMT_Nhom7\HoangAnh\Tuan1\MoPhongThapCanCau\OpenGL\main.cpp(136,44): warning C4305: 'argument': truncation from 'double' to 'GLfloat'
E:\Zalo Received Files\DHMT_Nhom7\HoangAnh\Tuan1\MoPhongThapCanCau\OpenGL\main.cpp(139,84): warning C4305: 'argument': truncation from 'double' to 'GLfloat'
E:\Zalo Received Files\DHMT_Nhom7\HoangAnh\Tuan1\MoPhongThapCanCau\OpenGL\main.cpp(140,84): warning C4305: 'argument': truncation from 'double' to 'GLfloat'
E:\Zalo Received Files\DHMT_Nhom7\HoangAnh\Tuan1\MoPhongThapCanCau\OpenGL\main.cpp(179,42): warning C4305: 'argument': truncation from 'double' to 'GLfloat'
E:\Zalo Received Files\DHMT_Nhom7\HoangAnh\Tuan1\MoPhongThapCanCau\OpenGL\main.cpp(180,45): warning C4305: 'argument': truncation from 'double' to 'GLfloat'
E:\Zalo Received Files\DHMT_Nhom7\HoangAnh\Tuan1\MoPhongThapCanCau\OpenGL\main.cpp(181,40): warning C4305: 'argument': truncation from 'double' to 'GLfloat'
E:\Zalo Received Files\DHMT_Nhom7\HoangAnh\Tuan1\MoPhongThapCanCau\OpenGL\main.cpp(182,42): warning C4305: 'argument': truncation from 'double' to 'GLfloat'
E:\Zalo Received Files\DHMT_Nhom7\HoangAnh\Tuan1\MoPhongThapCanCau\OpenGL\main.cpp(184,37): warning C4305: 'argument': truncation from 'double' to 'GLfloat'
E:\Zalo Received Files\DHMT_Nhom7\HoangAnh\Tuan1\MoPhongThapCanCau\OpenGL\main.cpp(215,31): warning C4305: 'argument': truncation from 'double' to 'const GLfloat'
E:\Zalo Received Files\DHMT_Nhom7\HoangAnh\Tuan1\MoPhongThapCanCau\OpenGL\main.cpp(216,52): warning C4305: 'argument': truncation from 'double' to 'GLfloat'
E:\Zalo Received Files\DHMT_Nhom7\HoangAnh\Tuan1\MoPhongThapCanCau\OpenGL\main.cpp(216,53): warning C4305: 'argument': truncation from 'double' to 'GLfloat'
E:\Zalo Received Files\DHMT_Nhom7\HoangAnh\Tuan1\MoPhongThapCanCau\OpenGL\main.cpp(221,68): warning C4305: 'argument': truncation from 'double' to 'const GLfloat'
E:\Zalo Received Files\DHMT_Nhom7\HoangAnh\Tuan1\MoPhongThapCanCau\OpenGL\main.cpp(231,44): warning C4244: 'argument': conversion from 'int' to 'const GLfloat', possible loss of data
E:\Zalo Received Files\DHMT_Nhom7\HoangAnh\Tuan1\MoPhongThapCanCau\OpenGL\main.cpp(232,55): warning C4305: 'argument': truncation from 'double' to 'GLfloat'
E:\Zalo Received Files\DHMT_Nhom7\HoangAnh\Tuan1\MoPhongThapCanCau\OpenGL\main.cpp(232,56): warning C4305: 'argument': truncation from 'double' to 'GLfloat'
E:\Zalo Received Files\DHMT_Nhom7\HoangAnh\Tuan1\MoPhongThapCanCau\OpenGL\main.cpp(238,29): warning C4305: 'argument': truncation from 'double' to 'const GLfloat'
E:\Zalo Received Files\DHMT_Nhom7\HoangAnh\Tuan1\MoPhongThapCanCau\OpenGL\main.cpp(239,59): warning C4305: 'argument': truncation from 'double' to 'GLfloat'
E:\Zalo Received Files\DHMT_Nhom7\HoangAnh\Tuan1\MoPhongThapCanCau\OpenGL\main.cpp(239,60): warning C4305: 'argument': truncation from 'double' to 'GLfloat'
E:\Zalo Received Files\DHMT_Nhom7\HoangAnh\Tuan1\MoPhongThapCanCau\OpenGL\main.cpp(242,33): warning C4305: 'argument': truncation from 'double' to 'const GLfloat'
E:\Zalo Received Files\DHMT_Nhom7\HoangAnh\Tuan1\MoPhongThapCanCau\OpenGL\main.cpp(243,57): warning C4305: 'argument': truncation from 'double' to 'GLfloat'
E:\Zalo Received Files\DHMT_Nhom7\HoangAnh\Tuan1\MoPhongThapCanCau\OpenGL\main.cpp(243,58): warning C4305: 'argument': truncation from 'double' to 'GLfloat'
E:\Zalo Received Files\DHMT_Nhom7\HoangAnh\Tuan1\MoPhongThapCanCau\OpenGL\main.cpp(246,31): warning C4305: 'argument': truncation from 'double' to 'const GLfloat'
E:\Zalo Received Files\DHMT_Nhom7\HoangAnh\Tuan1\MoPhongThapCanCau\OpenGL\main.cpp(247,59): warning C4305: 'argument': truncation from 'double' to 'GLfloat'
E:\Zalo Received Files\DHMT_Nhom7\HoangAnh\Tuan1\MoPhongThapCanCau\OpenGL\main.cpp(247,60): warning C4305: 'argument': truncation from 'double' to 'GLfloat'
E:\Zalo Received Files\DHMT_Nhom7\HoangAnh\Tuan1\MoPhongThapCanCau\OpenGL\main.cpp(250,33): warning C4305: 'argument': truncation from 'double' to 'const GLfloat'
E:\Zalo Received Files\DHMT_Nhom7\HoangAnh\Tuan1\MoPhongThapCanCau\OpenGL\main.cpp(251,59): warning C4305: 'argument': truncation from 'double' to 'GLfloat'
E:\Zalo Received Files\DHMT_Nhom7\HoangAnh\Tuan1\MoPhongThapCanCau\OpenGL\main.cpp(251,60): warning C4305: 'argument': truncation from 'double' to 'GLfloat'
E:\Zalo Received Files\DHMT_Nhom7\HoangAnh\Tuan1\MoPhongThapCanCau\OpenGL\main.cpp(254,34): warning C4305: 'argument': truncation from 'double' to 'const GLfloat'
E:\Zalo Received Files\DHMT_Nhom7\HoangAnh\Tuan1\MoPhongThapCanCau\OpenGL\main.cpp(255,56): warning C4305: 'argument': truncation from 'double' to 'GLfloat'
E:\Zalo Received Files\DHMT_Nhom7\HoangAnh\Tuan1\MoPhongThapCanCau\OpenGL\main.cpp(255,57): warning C4305: 'argument': truncation from 'double' to 'GLfloat'
E:\Zalo Received Files\DHMT_Nhom7\HoangAnh\Tuan1\MoPhongThapCanCau\OpenGL\main.cpp(257,36): warning C4305: 'argument': truncation from 'double' to 'const GLfloat'
E:\Zalo Received Files\DHMT_Nhom7\HoangAnh\Tuan1\MoPhongThapCanCau\OpenGL\main.cpp(257,23): warning C4244: 'argument': conversion from 'double' to 'const GLfloat', possible loss of data
E:\Zalo Received Files\DHMT_Nhom7\HoangAnh\Tuan1\MoPhongThapCanCau\OpenGL\main.cpp(258,50): warning C4305: 'argument': truncation from 'double' to 'GLfloat'
E:\Zalo Received Files\DHMT_Nhom7\HoangAnh\Tuan1\MoPhongThapCanCau\OpenGL\main.cpp(265,32): warning C4244: 'argument': conversion from 'double' to 'const GLfloat', possible loss of data
E:\Zalo Received Files\DHMT_Nhom7\HoangAnh\Tuan1\MoPhongThapCanCau\OpenGL\main.cpp(265,24): warning C4244: 'argument': conversion from 'double' to 'const GLfloat', possible loss of data
E:\Zalo Received Files\DHMT_Nhom7\HoangAnh\Tuan1\MoPhongThapCanCau\OpenGL\main.cpp(265,54): warning C4244: 'argument': conversion from 'int' to 'const GLfloat', possible loss of data
E:\Zalo Received Files\DHMT_Nhom7\HoangAnh\Tuan1\MoPhongThapCanCau\OpenGL\main.cpp(266,61): warning C4305: 'argument': truncation from 'double' to 'GLfloat'
E:\Zalo Received Files\DHMT_Nhom7\HoangAnh\Tuan1\MoPhongThapCanCau\OpenGL\main.cpp(266,62): warning C4305: 'argument': truncation from 'double' to 'GLfloat'
E:\Zalo Received Files\DHMT_Nhom7\HoangAnh\Tuan1\MoPhongThapCanCau\OpenGL\main.cpp(268,41): warning C4305: 'argument': truncation from 'double' to 'const GLfloat'
E:\Zalo Received Files\DHMT_Nhom7\HoangAnh\Tuan1\MoPhongThapCanCau\OpenGL\main.cpp(268,32): warning C4244: 'argument': conversion from 'double' to 'const GLfloat', possible loss of data
E:\Zalo Received Files\DHMT_Nhom7\HoangAnh\Tuan1\MoPhongThapCanCau\OpenGL\main.cpp(268,24): warning C4244: 'argument': conversion from 'double' to 'const GLfloat', possible loss of data
E:\Zalo Received Files\DHMT_Nhom7\HoangAnh\Tuan1\MoPhongThapCanCau\OpenGL\main.cpp(268,55): warning C4244: 'argument': conversion from 'int' to 'const GLfloat', possible loss of data
E:\Zalo Received Files\DHMT_Nhom7\HoangAnh\Tuan1\MoPhongThapCanCau\OpenGL\main.cpp(269,61): warning C4305: 'argument': truncation from 'double' to 'GLfloat'
E:\Zalo Received Files\DHMT_Nhom7\HoangAnh\Tuan1\MoPhongThapCanCau\OpenGL\main.cpp(269,62): warning C4305: 'argument': truncation from 'double' to 'GLfloat'
E:\Zalo Received Files\DHMT_Nhom7\HoangAnh\Tuan1\MoPhongThapCanCau\OpenGL\main.cpp(271,43): warning C4305: 'argument': truncation from 'double' to 'const GLfloat'
E:\Zalo Received Files\DHMT_Nhom7\HoangAnh\Tuan1\MoPhongThapCanCau\OpenGL\main.cpp(271,34): warning C4244: 'argument': conversion from 'double' to 'const GLfloat', possible loss of data
E:\Zalo Received Files\DHMT_Nhom7\HoangAnh\Tuan1\MoPhongThapCanCau\OpenGL\main.cpp(271,25): warning C4244: 'argument': conversion from 'double' to 'const GLfloat', possible loss of data
E:\Zalo Received Files\DHMT_Nhom7\HoangAnh\Tuan1\MoPhongThapCanCau\OpenGL\main.cpp(271,57): warning C4244: 'argument': conversion from 'int' to 'const GLfloat', possible loss of data
E:\Zalo Received Files\DHMT_Nhom7\HoangAnh\Tuan1\MoPhongThapCanCau\OpenGL\main.cpp(272,61): warning C4305: 'argument': truncation from 'double' to 'GLfloat'
E:\Zalo Received Files\DHMT_Nhom7\HoangAnh\Tuan1\MoPhongThapCanCau\OpenGL\main.cpp(272,62): warning C4305: 'argument': truncation from 'double' to 'GLfloat'
E:\Zalo Received Files\DHMT_Nhom7\HoangAnh\Tuan1\MoPhongThapCanCau\OpenGL\main.cpp(274,34): warning C4244: 'argument': conversion from 'double' to 'const GLfloat', possible loss of data
E:\Zalo Received Files\DHMT_Nhom7\HoangAnh\Tuan1\MoPhongThapCanCau\OpenGL\main.cpp(274,25): warning C4244: 'argument': conversion from 'double' to 'const GLfloat', possible loss of data
E:\Zalo Received Files\DHMT_Nhom7\HoangAnh\Tuan1\MoPhongThapCanCau\OpenGL\main.cpp(274,57): warning C4244: 'argument': conversion from 'int' to 'const GLfloat', possible loss of data
E:\Zalo Received Files\DHMT_Nhom7\HoangAnh\Tuan1\MoPhongThapCanCau\OpenGL\main.cpp(275,61): warning C4305: 'argument': truncation from 'double' to 'GLfloat'
E:\Zalo Received Files\DHMT_Nhom7\HoangAnh\Tuan1\MoPhongThapCanCau\OpenGL\main.cpp(275,62): warning C4305: 'argument': truncation from 'double' to 'GLfloat'
E:\Zalo Received Files\DHMT_Nhom7\HoangAnh\Tuan1\MoPhongThapCanCau\OpenGL\main.cpp(282,47): warning C4305: 'argument': truncation from 'double' to 'const GLfloat'
E:\Zalo Received Files\DHMT_Nhom7\HoangAnh\Tuan1\MoPhongThapCanCau\OpenGL\main.cpp(282,35): warning C4244: 'argument': conversion from 'double' to 'const GLfloat', possible loss of data
E:\Zalo Received Files\DHMT_Nhom7\HoangAnh\Tuan1\MoPhongThapCanCau\OpenGL\main.cpp(282,25): warning C4244: 'argument': conversion from 'double' to 'const GLfloat', possible loss of data
E:\Zalo Received Files\DHMT_Nhom7\HoangAnh\Tuan1\MoPhongThapCanCau\OpenGL\main.cpp(282,61): warning C4244: 'argument': conversion from 'int' to 'const GLfloat', possible loss of data
E:\Zalo Received Files\DHMT_Nhom7\HoangAnh\Tuan1\MoPhongThapCanCau\OpenGL\main.cpp(283,60): warning C4305: 'argument': truncation from 'double' to 'GLfloat'
E:\Zalo Received Files\DHMT_Nhom7\HoangAnh\Tuan1\MoPhongThapCanCau\OpenGL\main.cpp(283,61): warning C4305: 'argument': truncation from 'double' to 'GLfloat'
E:\Zalo Received Files\DHMT_Nhom7\HoangAnh\Tuan1\MoPhongThapCanCau\OpenGL\main.cpp(286,47): warning C4305: 'argument': truncation from 'double' to 'const GLfloat'
E:\Zalo Received Files\DHMT_Nhom7\HoangAnh\Tuan1\MoPhongThapCanCau\OpenGL\main.cpp(286,34): warning C4244: 'argument': conversion from 'double' to 'const GLfloat', possible loss of data
E:\Zalo Received Files\DHMT_Nhom7\HoangAnh\Tuan1\MoPhongThapCanCau\OpenGL\main.cpp(286,24): warning C4244: 'argument': conversion from 'double' to 'const GLfloat', possible loss of data
E:\Zalo Received Files\DHMT_Nhom7\HoangAnh\Tuan1\MoPhongThapCanCau\OpenGL\main.cpp(287,41): warning C4305: 'argument': truncation from 'double' to 'GLfloat'
E:\Zalo Received Files\DHMT_Nhom7\HoangAnh\Tuan1\MoPhongThapCanCau\OpenGL\main.cpp(289,34): warning C4244: 'argument': conversion from 'double' to 'const GLfloat', possible loss of data
E:\Zalo Received Files\DHMT_Nhom7\HoangAnh\Tuan1\MoPhongThapCanCau\OpenGL\main.cpp(289,24): warning C4244: 'argument': conversion from 'double' to 'const GLfloat', possible loss of data
E:\Zalo Received Files\DHMT_Nhom7\HoangAnh\Tuan1\MoPhongThapCanCau\OpenGL\main.cpp(290,41): warning C4305: 'argument': truncation from 'double' to 'GLfloat'
E:\Zalo Received Files\DHMT_Nhom7\HoangAnh\Tuan1\MoPhongThapCanCau\OpenGL\main.cpp(292,47): warning C4305: 'argument': truncation from 'double' to 'const GLfloat'
E:\Zalo Received Files\DHMT_Nhom7\HoangAnh\Tuan1\MoPhongThapCanCau\OpenGL\main.cpp(292,34): warning C4244: 'argument': conversion from 'double' to 'const GLfloat', possible loss of data
E:\Zalo Received Files\DHMT_Nhom7\HoangAnh\Tuan1\MoPhongThapCanCau\OpenGL\main.cpp(292,24): warning C4244: 'argument': conversion from 'double' to 'const GLfloat', possible loss of data
E:\Zalo Received Files\DHMT_Nhom7\HoangAnh\Tuan1\MoPhongThapCanCau\OpenGL\main.cpp(293,41): warning C4305: 'argument': truncation from 'double' to 'GLfloat'
E:\Zalo Received Files\DHMT_Nhom7\HoangAnh\Tuan1\MoPhongThapCanCau\OpenGL\main.cpp(295,34): warning C4244: 'argument': conversion from 'double' to 'const GLfloat', possible loss of data
E:\Zalo Received Files\DHMT_Nhom7\HoangAnh\Tuan1\MoPhongThapCanCau\OpenGL\main.cpp(295,24): warning C4244: 'argument': conversion from 'double' to 'const GLfloat', possible loss of data
E:\Zalo Received Files\DHMT_Nhom7\HoangAnh\Tuan1\MoPhongThapCanCau\OpenGL\main.cpp(296,41): warning C4305: 'argument': truncation from 'double' to 'GLfloat'
E:\Zalo Received Files\DHMT_Nhom7\HoangAnh\Tuan1\MoPhongThapCanCau\OpenGL\main.cpp(299,45): warning C4305: 'argument': truncation from 'double' to 'const GLfloat'
E:\Zalo Received Files\DHMT_Nhom7\HoangAnh\Tuan1\MoPhongThapCanCau\OpenGL\main.cpp(299,32): warning C4244: 'argument': conversion from 'double' to 'const GLfloat', possible loss of data
E:\Zalo Received Files\DHMT_Nhom7\HoangAnh\Tuan1\MoPhongThapCanCau\OpenGL\main.cpp(300,56): warning C4305: 'argument': truncation from 'double' to 'GLfloat'
E:\Zalo Received Files\DHMT_Nhom7\HoangAnh\Tuan1\MoPhongThapCanCau\OpenGL\main.cpp(300,57): warning C4305: 'argument': truncation from 'double' to 'GLfloat'
E:\Zalo Received Files\DHMT_Nhom7\HoangAnh\Tuan1\MoPhongThapCanCau\OpenGL\main.cpp(302,47): warning C4305: 'argument': truncation from 'double' to 'const GLfloat'
E:\Zalo Received Files\DHMT_Nhom7\HoangAnh\Tuan1\MoPhongThapCanCau\OpenGL\main.cpp(302,34): warning C4244: 'argument': conversion from 'double' to 'const GLfloat', possible loss of data
E:\Zalo Received Files\DHMT_Nhom7\HoangAnh\Tuan1\MoPhongThapCanCau\OpenGL\main.cpp(302,24): warning C4244: 'argument': conversion from 'double' to 'const GLfloat', possible loss of data
E:\Zalo Received Files\DHMT_Nhom7\HoangAnh\Tuan1\MoPhongThapCanCau\OpenGL\main.cpp(303,56): warning C4305: 'argument': truncation from 'double' to 'GLfloat'
E:\Zalo Received Files\DHMT_Nhom7\HoangAnh\Tuan1\MoPhongThapCanCau\OpenGL\main.cpp(303,57): warning C4305: 'argument': truncation from 'double' to 'GLfloat'
E:\Zalo Received Files\DHMT_Nhom7\HoangAnh\Tuan1\MoPhongThapCanCau\OpenGL\main.cpp(305,47): warning C4305: 'argument': truncation from 'double' to 'const GLfloat'
E:\Zalo Received Files\DHMT_Nhom7\HoangAnh\Tuan1\MoPhongThapCanCau\OpenGL\main.cpp(305,34): warning C4244: 'argument': conversion from 'double' to 'const GLfloat', possible loss of data
E:\Zalo Received Files\DHMT_Nhom7\HoangAnh\Tuan1\MoPhongThapCanCau\OpenGL\main.cpp(305,24): warning C4244: 'argument': conversion from 'double' to 'const GLfloat', possible loss of data
E:\Zalo Received Files\DHMT_Nhom7\HoangAnh\Tuan1\MoPhongThapCanCau\OpenGL\main.cpp(306,56): warning C4305: 'argument': truncation from 'double' to 'GLfloat'
E:\Zalo Received Files\DHMT_Nhom7\HoangAnh\Tuan1\MoPhongThapCanCau\OpenGL\main.cpp(306,57): warning C4305: 'argument': truncation from 'double' to 'GLfloat'
E:\Zalo Received Files\DHMT_Nhom7\HoangAnh\Tuan1\MoPhongThapCanCau\OpenGL\main.cpp(313,43): warning C4305: 'argument': truncation from 'double' to 'const GLfloat'
E:\Zalo Received Files\DHMT_Nhom7\HoangAnh\Tuan1\MoPhongThapCanCau\OpenGL\main.cpp(313,99): warning C4305: 'argument': truncation from 'double' to 'const GLfloat'
E:\Zalo Received Files\DHMT_Nhom7\HoangAnh\Tuan1\MoPhongThapCanCau\OpenGL\main.cpp(351,16): warning C4305: '-=': truncation from 'double' to 'GLfloat'
E:\Zalo Received Files\DHMT_Nhom7\HoangAnh\Tuan1\MoPhongThapCanCau\OpenGL\main.cpp(355,16): warning C4305: '+=': truncation from 'double' to 'GLfloat'
E:\Zalo Received Files\DHMT_Nhom7\HoangAnh\Tuan1\MoPhongThapCanCau\OpenGL\main.cpp(360,14): warning C4305: '-=': truncation from 'double' to 'GLfloat'
E:\Zalo Received Files\DHMT_Nhom7\HoangAnh\Tuan1\MoPhongThapCanCau\OpenGL\main.cpp(363,14): warning C4305: '+=': truncation from 'double' to 'GLfloat'
E:\Zalo Received Files\DHMT_Nhom7\HoangAnh\Tuan1\MoPhongThapCanCau\OpenGL\main.cpp(367,14): warning C4305: '-=': truncation from 'double' to 'GLfloat'
E:\Zalo Received Files\DHMT_Nhom7\HoangAnh\Tuan1\MoPhongThapCanCau\OpenGL\main.cpp(370,14): warning C4305: '+=': truncation from 'double' to 'GLfloat'
E:\Zalo Received Files\DHMT_Nhom7\HoangAnh\Tuan1\MoPhongThapCanCau\OpenGL\main.cpp(374,14): warning C4305: '-=': truncation from 'double' to 'GLfloat'
E:\Zalo Received Files\DHMT_Nhom7\HoangAnh\Tuan1\MoPhongThapCanCau\OpenGL\main.cpp(377,14): warning C4305: '+=': truncation from 'double' to 'GLfloat'
E:\Zalo Received Files\DHMT_Nhom7\HoangAnh\Tuan1\MoPhongThapCanCau\OpenGL\main.cpp(391,16): warning C4305: '*=': truncation from 'double' to 'GLfloat'
E:\Zalo Received Files\DHMT_Nhom7\HoangAnh\Tuan1\MoPhongThapCanCau\OpenGL\main.cpp(391,30): warning C4305: '*=': truncation from 'double' to 'GLfloat'
E:\Zalo Received Files\DHMT_Nhom7\HoangAnh\Tuan1\MoPhongThapCanCau\OpenGL\main.cpp(394,16): warning C4305: '*=': truncation from 'double' to 'GLfloat'
E:\Zalo Received Files\DHMT_Nhom7\HoangAnh\Tuan1\MoPhongThapCanCau\OpenGL\main.cpp(394,30): warning C4305: '*=': truncation from 'double' to 'GLfloat'
  Generating Code...
  OpenGL.vcxproj -> E:\Zalo Received Files\DHMT_Nhom7\HoangAnh\Tuan1\MoPhongThapCanCau\Debug\OpenGL.exe
