  main.cpp
E:\Zalo Received Files\DHMT_Nhom7\HoangAnh\Tuan3\MoPhongThapCanCauVaNha\OpenGL\main.cpp(30,89): warning C4305: 'initializing': truncation from 'double' to 'GLfloat'
E:\Zalo Received Files\DHMT_Nhom7\HoangAnh\Tuan3\MoPhongThapCanCauVaNha\OpenGL\main.cpp(31,30): warning C4305: 'initializing': truncation from 'double' to 'GLfloat'
E:\Zalo Received Files\DHMT_Nhom7\HoangAnh\Tuan3\MoPhongThapCanCauVaNha\OpenGL\main.cpp(131,40): warning C4305: 'argument': truncation from 'double' to 'GLfloat'
E:\Zalo Received Files\DHMT_Nhom7\HoangAnh\Tuan3\MoPhongThapCanCauVaNha\OpenGL\main.cpp(136,43): warning C4305: 'argument': truncation from 'double' to 'GLfloat'
E:\Zalo Received Files\DHMT_Nhom7\HoangAnh\Tuan3\MoPhongThapCanCauVaNha\OpenGL\main.cpp(137,44): warning C4305: 'argument': truncation from 'double' to 'GLfloat'
E:\Zalo Received Files\DHMT_Nhom7\HoangAnh\Tuan3\MoPhongThapCanCauVaNha\OpenGL\main.cpp(140,84): warning C4305: 'argument': truncation from 'double' to 'GLfloat'
E:\Zalo Received Files\DHMT_Nhom7\HoangAnh\Tuan3\MoPhongThapCanCauVaNha\OpenGL\main.cpp(141,84): warning C4305: 'argument': truncation from 'double' to 'GLfloat'
E:\Zalo Received Files\DHMT_Nhom7\HoangAnh\Tuan3\MoPhongThapCanCauVaNha\OpenGL\main.cpp(180,42): warning C4305: 'argument': truncation from 'double' to 'GLfloat'
E:\Zalo Received Files\DHMT_Nhom7\HoangAnh\Tuan3\MoPhongThapCanCauVaNha\OpenGL\main.cpp(181,45): warning C4305: 'argument': truncation from 'double' to 'GLfloat'
E:\Zalo Received Files\DHMT_Nhom7\HoangAnh\Tuan3\MoPhongThapCanCauVaNha\OpenGL\main.cpp(182,40): warning C4305: 'argument': truncation from 'double' to 'GLfloat'
E:\Zalo Received Files\DHMT_Nhom7\HoangAnh\Tuan3\MoPhongThapCanCauVaNha\OpenGL\main.cpp(183,42): warning C4305: 'argument': truncation from 'double' to 'GLfloat'
E:\Zalo Received Files\DHMT_Nhom7\HoangAnh\Tuan3\MoPhongThapCanCauVaNha\OpenGL\main.cpp(185,37): warning C4305: 'argument': truncation from 'double' to 'GLfloat'
E:\Zalo Received Files\DHMT_Nhom7\HoangAnh\Tuan3\MoPhongThapCanCauVaNha\OpenGL\main.cpp(216,38): warning C4305: 'argument': truncation from 'double' to 'GLfloat'
E:\Zalo Received Files\DHMT_Nhom7\HoangAnh\Tuan3\MoPhongThapCanCauVaNha\OpenGL\main.cpp(220,38): warning C4305: 'argument': truncation from 'double' to 'GLfloat'
E:\Zalo Received Files\DHMT_Nhom7\HoangAnh\Tuan3\MoPhongThapCanCauVaNha\OpenGL\main.cpp(223,31): warning C4305: 'argument': truncation from 'double' to 'const GLfloat'
E:\Zalo Received Files\DHMT_Nhom7\HoangAnh\Tuan3\MoPhongThapCanCauVaNha\OpenGL\main.cpp(224,40): warning C4305: 'argument': truncation from 'double' to 'GLfloat'
E:\Zalo Received Files\DHMT_Nhom7\HoangAnh\Tuan3\MoPhongThapCanCauVaNha\OpenGL\main.cpp(226,30): warning C4305: 'argument': truncation from 'double' to 'const GLfloat'
E:\Zalo Received Files\DHMT_Nhom7\HoangAnh\Tuan3\MoPhongThapCanCauVaNha\OpenGL\main.cpp(227,40): warning C4305: 'argument': truncation from 'double' to 'GLfloat'
E:\Zalo Received Files\DHMT_Nhom7\HoangAnh\Tuan3\MoPhongThapCanCauVaNha\OpenGL\main.cpp(230,42): warning C4305: 'argument': truncation from 'double' to 'GLfloat'
E:\Zalo Received Files\DHMT_Nhom7\HoangAnh\Tuan3\MoPhongThapCanCauVaNha\OpenGL\main.cpp(233,42): warning C4305: 'argument': truncation from 'double' to 'GLfloat'
E:\Zalo Received Files\DHMT_Nhom7\HoangAnh\Tuan3\MoPhongThapCanCauVaNha\OpenGL\main.cpp(236,40): warning C4305: 'argument': truncation from 'double' to 'GLfloat'
E:\Zalo Received Files\DHMT_Nhom7\HoangAnh\Tuan3\MoPhongThapCanCauVaNha\OpenGL\main.cpp(239,40): warning C4305: 'argument': truncation from 'double' to 'GLfloat'
E:\Zalo Received Files\DHMT_Nhom7\HoangAnh\Tuan3\MoPhongThapCanCauVaNha\OpenGL\main.cpp(242,32): warning C4305: 'argument': truncation from 'double' to 'const GLfloat'
E:\Zalo Received Files\DHMT_Nhom7\HoangAnh\Tuan3\MoPhongThapCanCauVaNha\OpenGL\main.cpp(243,40): warning C4305: 'argument': truncation from 'double' to 'GLfloat'
E:\Zalo Received Files\DHMT_Nhom7\HoangAnh\Tuan3\MoPhongThapCanCauVaNha\OpenGL\main.cpp(245,31): warning C4305: 'argument': truncation from 'double' to 'const GLfloat'
E:\Zalo Received Files\DHMT_Nhom7\HoangAnh\Tuan3\MoPhongThapCanCauVaNha\OpenGL\main.cpp(246,42): warning C4305: 'argument': truncation from 'double' to 'GLfloat'
E:\Zalo Received Files\DHMT_Nhom7\HoangAnh\Tuan3\MoPhongThapCanCauVaNha\OpenGL\main.cpp(248,29): warning C4305: 'argument': truncation from 'double' to 'const GLfloat'
E:\Zalo Received Files\DHMT_Nhom7\HoangAnh\Tuan3\MoPhongThapCanCauVaNha\OpenGL\main.cpp(249,39): warning C4305: 'argument': truncation from 'double' to 'GLfloat'
E:\Zalo Received Files\DHMT_Nhom7\HoangAnh\Tuan3\MoPhongThapCanCauVaNha\OpenGL\main.cpp(254,31): warning C4305: 'argument': truncation from 'double' to 'const GLfloat'
E:\Zalo Received Files\DHMT_Nhom7\HoangAnh\Tuan3\MoPhongThapCanCauVaNha\OpenGL\main.cpp(255,52): warning C4305: 'argument': truncation from 'double' to 'GLfloat'
E:\Zalo Received Files\DHMT_Nhom7\HoangAnh\Tuan3\MoPhongThapCanCauVaNha\OpenGL\main.cpp(255,53): warning C4305: 'argument': truncation from 'double' to 'GLfloat'
E:\Zalo Received Files\DHMT_Nhom7\HoangAnh\Tuan3\MoPhongThapCanCauVaNha\OpenGL\main.cpp(260,38): warning C4305: 'argument': truncation from 'double' to 'GLfloat'
E:\Zalo Received Files\DHMT_Nhom7\HoangAnh\Tuan3\MoPhongThapCanCauVaNha\OpenGL\main.cpp(264,38): warning C4305: 'argument': truncation from 'double' to 'GLfloat'
E:\Zalo Received Files\DHMT_Nhom7\HoangAnh\Tuan3\MoPhongThapCanCauVaNha\OpenGL\main.cpp(266,30): warning C4305: 'argument': truncation from 'double' to 'const GLfloat'
E:\Zalo Received Files\DHMT_Nhom7\HoangAnh\Tuan3\MoPhongThapCanCauVaNha\OpenGL\main.cpp(267,38): warning C4305: 'argument': truncation from 'double' to 'GLfloat'
E:\Zalo Received Files\DHMT_Nhom7\HoangAnh\Tuan3\MoPhongThapCanCauVaNha\OpenGL\main.cpp(270,32): warning C4305: 'argument': truncation from 'double' to 'const GLfloat'
E:\Zalo Received Files\DHMT_Nhom7\HoangAnh\Tuan3\MoPhongThapCanCauVaNha\OpenGL\main.cpp(271,39): warning C4305: 'argument': truncation from 'double' to 'GLfloat'
E:\Zalo Received Files\DHMT_Nhom7\HoangAnh\Tuan3\MoPhongThapCanCauVaNha\OpenGL\main.cpp(273,31): warning C4305: 'argument': truncation from 'double' to 'const GLfloat'
E:\Zalo Received Files\DHMT_Nhom7\HoangAnh\Tuan3\MoPhongThapCanCauVaNha\OpenGL\main.cpp(274,39): warning C4305: 'argument': truncation from 'double' to 'GLfloat'
E:\Zalo Received Files\DHMT_Nhom7\HoangAnh\Tuan3\MoPhongThapCanCauVaNha\OpenGL\main.cpp(276,33): warning C4305: 'argument': truncation from 'double' to 'const GLfloat'
E:\Zalo Received Files\DHMT_Nhom7\HoangAnh\Tuan3\MoPhongThapCanCauVaNha\OpenGL\main.cpp(277,39): warning C4305: 'argument': truncation from 'double' to 'GLfloat'
E:\Zalo Received Files\DHMT_Nhom7\HoangAnh\Tuan3\MoPhongThapCanCauVaNha\OpenGL\main.cpp(279,32): warning C4305: 'argument': truncation from 'double' to 'const GLfloat'
E:\Zalo Received Files\DHMT_Nhom7\HoangAnh\Tuan3\MoPhongThapCanCauVaNha\OpenGL\main.cpp(280,39): warning C4305: 'argument': truncation from 'double' to 'GLfloat'
E:\Zalo Received Files\DHMT_Nhom7\HoangAnh\Tuan3\MoPhongThapCanCauVaNha\OpenGL\main.cpp(285,44): warning C4305: 'argument': truncation from 'double' to 'GLfloat'
E:\Zalo Received Files\DHMT_Nhom7\HoangAnh\Tuan3\MoPhongThapCanCauVaNha\OpenGL\main.cpp(290,32): warning C4305: 'argument': truncation from 'double' to 'const GLfloat'
E:\Zalo Received Files\DHMT_Nhom7\HoangAnh\Tuan3\MoPhongThapCanCauVaNha\OpenGL\main.cpp(290,73): warning C4305: 'argument': truncation from 'double' to 'const GLfloat'
E:\Zalo Received Files\DHMT_Nhom7\HoangAnh\Tuan3\MoPhongThapCanCauVaNha\OpenGL\main.cpp(291,60): warning C4305: 'argument': truncation from 'double' to 'GLfloat'
E:\Zalo Received Files\DHMT_Nhom7\HoangAnh\Tuan3\MoPhongThapCanCauVaNha\OpenGL\main.cpp(291,61): warning C4305: 'argument': truncation from 'double' to 'GLfloat'
E:\Zalo Received Files\DHMT_Nhom7\HoangAnh\Tuan3\MoPhongThapCanCauVaNha\OpenGL\main.cpp(293,39): warning C4305: 'argument': truncation from 'double' to 'const GLfloat'
E:\Zalo Received Files\DHMT_Nhom7\HoangAnh\Tuan3\MoPhongThapCanCauVaNha\OpenGL\main.cpp(301,44): warning C4305: 'argument': truncation from 'double' to 'GLfloat'
E:\Zalo Received Files\DHMT_Nhom7\HoangAnh\Tuan3\MoPhongThapCanCauVaNha\OpenGL\main.cpp(304,30): warning C4305: 'argument': truncation from 'double' to 'const GLfloat'
E:\Zalo Received Files\DHMT_Nhom7\HoangAnh\Tuan3\MoPhongThapCanCauVaNha\OpenGL\main.cpp(304,73): warning C4305: 'argument': truncation from 'double' to 'const GLfloat'
E:\Zalo Received Files\DHMT_Nhom7\HoangAnh\Tuan3\MoPhongThapCanCauVaNha\OpenGL\main.cpp(305,44): warning C4305: 'argument': truncation from 'double' to 'GLfloat'
E:\Zalo Received Files\DHMT_Nhom7\HoangAnh\Tuan3\MoPhongThapCanCauVaNha\OpenGL\main.cpp(308,29): warning C4305: 'argument': truncation from 'double' to 'const GLfloat'
E:\Zalo Received Files\DHMT_Nhom7\HoangAnh\Tuan3\MoPhongThapCanCauVaNha\OpenGL\main.cpp(308,73): warning C4305: 'argument': truncation from 'double' to 'const GLfloat'
E:\Zalo Received Files\DHMT_Nhom7\HoangAnh\Tuan3\MoPhongThapCanCauVaNha\OpenGL\main.cpp(309,44): warning C4305: 'argument': truncation from 'double' to 'GLfloat'
E:\Zalo Received Files\DHMT_Nhom7\HoangAnh\Tuan3\MoPhongThapCanCauVaNha\OpenGL\main.cpp(312,72): warning C4305: 'argument': truncation from 'double' to 'const GLfloat'
E:\Zalo Received Files\DHMT_Nhom7\HoangAnh\Tuan3\MoPhongThapCanCauVaNha\OpenGL\main.cpp(319,68): warning C4305: 'argument': truncation from 'double' to 'const GLfloat'
E:\Zalo Received Files\DHMT_Nhom7\HoangAnh\Tuan3\MoPhongThapCanCauVaNha\OpenGL\main.cpp(329,72): warning C4305: 'argument': truncation from 'double' to 'const GLfloat'
E:\Zalo Received Files\DHMT_Nhom7\HoangAnh\Tuan3\MoPhongThapCanCauVaNha\OpenGL\main.cpp(340,44): warning C4244: 'argument': conversion from 'int' to 'const GLfloat', possible loss of data
E:\Zalo Received Files\DHMT_Nhom7\HoangAnh\Tuan3\MoPhongThapCanCauVaNha\OpenGL\main.cpp(341,55): warning C4305: 'argument': truncation from 'double' to 'GLfloat'
E:\Zalo Received Files\DHMT_Nhom7\HoangAnh\Tuan3\MoPhongThapCanCauVaNha\OpenGL\main.cpp(341,56): warning C4305: 'argument': truncation from 'double' to 'GLfloat'
E:\Zalo Received Files\DHMT_Nhom7\HoangAnh\Tuan3\MoPhongThapCanCauVaNha\OpenGL\main.cpp(347,29): warning C4305: 'argument': truncation from 'double' to 'const GLfloat'
E:\Zalo Received Files\DHMT_Nhom7\HoangAnh\Tuan3\MoPhongThapCanCauVaNha\OpenGL\main.cpp(348,59): warning C4305: 'argument': truncation from 'double' to 'GLfloat'
E:\Zalo Received Files\DHMT_Nhom7\HoangAnh\Tuan3\MoPhongThapCanCauVaNha\OpenGL\main.cpp(348,60): warning C4305: 'argument': truncation from 'double' to 'GLfloat'
E:\Zalo Received Files\DHMT_Nhom7\HoangAnh\Tuan3\MoPhongThapCanCauVaNha\OpenGL\main.cpp(351,33): warning C4305: 'argument': truncation from 'double' to 'const GLfloat'
E:\Zalo Received Files\DHMT_Nhom7\HoangAnh\Tuan3\MoPhongThapCanCauVaNha\OpenGL\main.cpp(352,57): warning C4305: 'argument': truncation from 'double' to 'GLfloat'
E:\Zalo Received Files\DHMT_Nhom7\HoangAnh\Tuan3\MoPhongThapCanCauVaNha\OpenGL\main.cpp(352,58): warning C4305: 'argument': truncation from 'double' to 'GLfloat'
E:\Zalo Received Files\DHMT_Nhom7\HoangAnh\Tuan3\MoPhongThapCanCauVaNha\OpenGL\main.cpp(355,31): warning C4305: 'argument': truncation from 'double' to 'const GLfloat'
E:\Zalo Received Files\DHMT_Nhom7\HoangAnh\Tuan3\MoPhongThapCanCauVaNha\OpenGL\main.cpp(356,59): warning C4305: 'argument': truncation from 'double' to 'GLfloat'
E:\Zalo Received Files\DHMT_Nhom7\HoangAnh\Tuan3\MoPhongThapCanCauVaNha\OpenGL\main.cpp(356,60): warning C4305: 'argument': truncation from 'double' to 'GLfloat'
E:\Zalo Received Files\DHMT_Nhom7\HoangAnh\Tuan3\MoPhongThapCanCauVaNha\OpenGL\main.cpp(359,33): warning C4305: 'argument': truncation from 'double' to 'const GLfloat'
E:\Zalo Received Files\DHMT_Nhom7\HoangAnh\Tuan3\MoPhongThapCanCauVaNha\OpenGL\main.cpp(360,59): warning C4305: 'argument': truncation from 'double' to 'GLfloat'
E:\Zalo Received Files\DHMT_Nhom7\HoangAnh\Tuan3\MoPhongThapCanCauVaNha\OpenGL\main.cpp(360,60): warning C4305: 'argument': truncation from 'double' to 'GLfloat'
E:\Zalo Received Files\DHMT_Nhom7\HoangAnh\Tuan3\MoPhongThapCanCauVaNha\OpenGL\main.cpp(363,34): warning C4305: 'argument': truncation from 'double' to 'const GLfloat'
E:\Zalo Received Files\DHMT_Nhom7\HoangAnh\Tuan3\MoPhongThapCanCauVaNha\OpenGL\main.cpp(364,56): warning C4305: 'argument': truncation from 'double' to 'GLfloat'
E:\Zalo Received Files\DHMT_Nhom7\HoangAnh\Tuan3\MoPhongThapCanCauVaNha\OpenGL\main.cpp(364,57): warning C4305: 'argument': truncation from 'double' to 'GLfloat'
E:\Zalo Received Files\DHMT_Nhom7\HoangAnh\Tuan3\MoPhongThapCanCauVaNha\OpenGL\main.cpp(366,36): warning C4305: 'argument': truncation from 'double' to 'const GLfloat'
E:\Zalo Received Files\DHMT_Nhom7\HoangAnh\Tuan3\MoPhongThapCanCauVaNha\OpenGL\main.cpp(366,23): warning C4244: 'argument': conversion from 'double' to 'const GLfloat', possible loss of data
E:\Zalo Received Files\DHMT_Nhom7\HoangAnh\Tuan3\MoPhongThapCanCauVaNha\OpenGL\main.cpp(367,50): warning C4305: 'argument': truncation from 'double' to 'GLfloat'
E:\Zalo Received Files\DHMT_Nhom7\HoangAnh\Tuan3\MoPhongThapCanCauVaNha\OpenGL\main.cpp(374,32): warning C4244: 'argument': conversion from 'double' to 'const GLfloat', possible loss of data
E:\Zalo Received Files\DHMT_Nhom7\HoangAnh\Tuan3\MoPhongThapCanCauVaNha\OpenGL\main.cpp(374,24): warning C4244: 'argument': conversion from 'double' to 'const GLfloat', possible loss of data
E:\Zalo Received Files\DHMT_Nhom7\HoangAnh\Tuan3\MoPhongThapCanCauVaNha\OpenGL\main.cpp(374,54): warning C4244: 'argument': conversion from 'int' to 'const GLfloat', possible loss of data
E:\Zalo Received Files\DHMT_Nhom7\HoangAnh\Tuan3\MoPhongThapCanCauVaNha\OpenGL\main.cpp(375,61): warning C4305: 'argument': truncation from 'double' to 'GLfloat'
E:\Zalo Received Files\DHMT_Nhom7\HoangAnh\Tuan3\MoPhongThapCanCauVaNha\OpenGL\main.cpp(375,62): warning C4305: 'argument': truncation from 'double' to 'GLfloat'
E:\Zalo Received Files\DHMT_Nhom7\HoangAnh\Tuan3\MoPhongThapCanCauVaNha\OpenGL\main.cpp(377,41): warning C4305: 'argument': truncation from 'double' to 'const GLfloat'
E:\Zalo Received Files\DHMT_Nhom7\HoangAnh\Tuan3\MoPhongThapCanCauVaNha\OpenGL\main.cpp(377,32): warning C4244: 'argument': conversion from 'double' to 'const GLfloat', possible loss of data
E:\Zalo Received Files\DHMT_Nhom7\HoangAnh\Tuan3\MoPhongThapCanCauVaNha\OpenGL\main.cpp(377,24): warning C4244: 'argument': conversion from 'double' to 'const GLfloat', possible loss of data
E:\Zalo Received Files\DHMT_Nhom7\HoangAnh\Tuan3\MoPhongThapCanCauVaNha\OpenGL\main.cpp(377,55): warning C4244: 'argument': conversion from 'int' to 'const GLfloat', possible loss of data
E:\Zalo Received Files\DHMT_Nhom7\HoangAnh\Tuan3\MoPhongThapCanCauVaNha\OpenGL\main.cpp(378,61): warning C4305: 'argument': truncation from 'double' to 'GLfloat'
E:\Zalo Received Files\DHMT_Nhom7\HoangAnh\Tuan3\MoPhongThapCanCauVaNha\OpenGL\main.cpp(378,62): warning C4305: 'argument': truncation from 'double' to 'GLfloat'
E:\Zalo Received Files\DHMT_Nhom7\HoangAnh\Tuan3\MoPhongThapCanCauVaNha\OpenGL\main.cpp(380,43): warning C4305: 'argument': truncation from 'double' to 'const GLfloat'
E:\Zalo Received Files\DHMT_Nhom7\HoangAnh\Tuan3\MoPhongThapCanCauVaNha\OpenGL\main.cpp(380,34): warning C4244: 'argument': conversion from 'double' to 'const GLfloat', possible loss of data
E:\Zalo Received Files\DHMT_Nhom7\HoangAnh\Tuan3\MoPhongThapCanCauVaNha\OpenGL\main.cpp(380,25): warning C4244: 'argument': conversion from 'double' to 'const GLfloat', possible loss of data
E:\Zalo Received Files\DHMT_Nhom7\HoangAnh\Tuan3\MoPhongThapCanCauVaNha\OpenGL\main.cpp(380,57): warning C4244: 'argument': conversion from 'int' to 'const GLfloat', possible loss of data
E:\Zalo Received Files\DHMT_Nhom7\HoangAnh\Tuan3\MoPhongThapCanCauVaNha\OpenGL\main.cpp(381,61): warning C4305: 'argument': truncation from 'double' to 'GLfloat'
E:\Zalo Received Files\DHMT_Nhom7\HoangAnh\Tuan3\MoPhongThapCanCauVaNha\OpenGL\main.cpp(381,62): warning C4305: 'argument': truncation from 'double' to 'GLfloat'
E:\Zalo Received Files\DHMT_Nhom7\HoangAnh\Tuan3\MoPhongThapCanCauVaNha\OpenGL\main.cpp(383,34): warning C4244: 'argument': conversion from 'double' to 'const GLfloat', possible loss of data
E:\Zalo Received Files\DHMT_Nhom7\HoangAnh\Tuan3\MoPhongThapCanCauVaNha\OpenGL\main.cpp(383,25): warning C4244: 'argument': conversion from 'double' to 'const GLfloat', possible loss of data
E:\Zalo Received Files\DHMT_Nhom7\HoangAnh\Tuan3\MoPhongThapCanCauVaNha\OpenGL\main.cpp(383,57): warning C4244: 'argument': conversion from 'int' to 'const GLfloat', possible loss of data
E:\Zalo Received Files\DHMT_Nhom7\HoangAnh\Tuan3\MoPhongThapCanCauVaNha\OpenGL\main.cpp(384,61): warning C4305: 'argument': truncation from 'double' to 'GLfloat'
E:\Zalo Received Files\DHMT_Nhom7\HoangAnh\Tuan3\MoPhongThapCanCauVaNha\OpenGL\main.cpp(384,62): warning C4305: 'argument': truncation from 'double' to 'GLfloat'
E:\Zalo Received Files\DHMT_Nhom7\HoangAnh\Tuan3\MoPhongThapCanCauVaNha\OpenGL\main.cpp(391,47): warning C4305: 'argument': truncation from 'double' to 'const GLfloat'
E:\Zalo Received Files\DHMT_Nhom7\HoangAnh\Tuan3\MoPhongThapCanCauVaNha\OpenGL\main.cpp(391,35): warning C4244: 'argument': conversion from 'double' to 'const GLfloat', possible loss of data
E:\Zalo Received Files\DHMT_Nhom7\HoangAnh\Tuan3\MoPhongThapCanCauVaNha\OpenGL\main.cpp(391,25): warning C4244: 'argument': conversion from 'double' to 'const GLfloat', possible loss of data
E:\Zalo Received Files\DHMT_Nhom7\HoangAnh\Tuan3\MoPhongThapCanCauVaNha\OpenGL\main.cpp(391,61): warning C4244: 'argument': conversion from 'int' to 'const GLfloat', possible loss of data
E:\Zalo Received Files\DHMT_Nhom7\HoangAnh\Tuan3\MoPhongThapCanCauVaNha\OpenGL\main.cpp(392,60): warning C4305: 'argument': truncation from 'double' to 'GLfloat'
E:\Zalo Received Files\DHMT_Nhom7\HoangAnh\Tuan3\MoPhongThapCanCauVaNha\OpenGL\main.cpp(392,61): warning C4305: 'argument': truncation from 'double' to 'GLfloat'
E:\Zalo Received Files\DHMT_Nhom7\HoangAnh\Tuan3\MoPhongThapCanCauVaNha\OpenGL\main.cpp(395,47): warning C4305: 'argument': truncation from 'double' to 'const GLfloat'
E:\Zalo Received Files\DHMT_Nhom7\HoangAnh\Tuan3\MoPhongThapCanCauVaNha\OpenGL\main.cpp(395,34): warning C4244: 'argument': conversion from 'double' to 'const GLfloat', possible loss of data
E:\Zalo Received Files\DHMT_Nhom7\HoangAnh\Tuan3\MoPhongThapCanCauVaNha\OpenGL\main.cpp(395,24): warning C4244: 'argument': conversion from 'double' to 'const GLfloat', possible loss of data
E:\Zalo Received Files\DHMT_Nhom7\HoangAnh\Tuan3\MoPhongThapCanCauVaNha\OpenGL\main.cpp(396,41): warning C4305: 'argument': truncation from 'double' to 'GLfloat'
E:\Zalo Received Files\DHMT_Nhom7\HoangAnh\Tuan3\MoPhongThapCanCauVaNha\OpenGL\main.cpp(398,34): warning C4244: 'argument': conversion from 'double' to 'const GLfloat', possible loss of data
E:\Zalo Received Files\DHMT_Nhom7\HoangAnh\Tuan3\MoPhongThapCanCauVaNha\OpenGL\main.cpp(398,24): warning C4244: 'argument': conversion from 'double' to 'const GLfloat', possible loss of data
E:\Zalo Received Files\DHMT_Nhom7\HoangAnh\Tuan3\MoPhongThapCanCauVaNha\OpenGL\main.cpp(399,41): warning C4305: 'argument': truncation from 'double' to 'GLfloat'
E:\Zalo Received Files\DHMT_Nhom7\HoangAnh\Tuan3\MoPhongThapCanCauVaNha\OpenGL\main.cpp(401,47): warning C4305: 'argument': truncation from 'double' to 'const GLfloat'
E:\Zalo Received Files\DHMT_Nhom7\HoangAnh\Tuan3\MoPhongThapCanCauVaNha\OpenGL\main.cpp(401,34): warning C4244: 'argument': conversion from 'double' to 'const GLfloat', possible loss of data
E:\Zalo Received Files\DHMT_Nhom7\HoangAnh\Tuan3\MoPhongThapCanCauVaNha\OpenGL\main.cpp(401,24): warning C4244: 'argument': conversion from 'double' to 'const GLfloat', possible loss of data
E:\Zalo Received Files\DHMT_Nhom7\HoangAnh\Tuan3\MoPhongThapCanCauVaNha\OpenGL\main.cpp(402,41): warning C4305: 'argument': truncation from 'double' to 'GLfloat'
E:\Zalo Received Files\DHMT_Nhom7\HoangAnh\Tuan3\MoPhongThapCanCauVaNha\OpenGL\main.cpp(404,34): warning C4244: 'argument': conversion from 'double' to 'const GLfloat', possible loss of data
E:\Zalo Received Files\DHMT_Nhom7\HoangAnh\Tuan3\MoPhongThapCanCauVaNha\OpenGL\main.cpp(404,24): warning C4244: 'argument': conversion from 'double' to 'const GLfloat', possible loss of data
E:\Zalo Received Files\DHMT_Nhom7\HoangAnh\Tuan3\MoPhongThapCanCauVaNha\OpenGL\main.cpp(405,41): warning C4305: 'argument': truncation from 'double' to 'GLfloat'
E:\Zalo Received Files\DHMT_Nhom7\HoangAnh\Tuan3\MoPhongThapCanCauVaNha\OpenGL\main.cpp(408,45): warning C4305: 'argument': truncation from 'double' to 'const GLfloat'
E:\Zalo Received Files\DHMT_Nhom7\HoangAnh\Tuan3\MoPhongThapCanCauVaNha\OpenGL\main.cpp(408,32): warning C4244: 'argument': conversion from 'double' to 'const GLfloat', possible loss of data
E:\Zalo Received Files\DHMT_Nhom7\HoangAnh\Tuan3\MoPhongThapCanCauVaNha\OpenGL\main.cpp(409,56): warning C4305: 'argument': truncation from 'double' to 'GLfloat'
E:\Zalo Received Files\DHMT_Nhom7\HoangAnh\Tuan3\MoPhongThapCanCauVaNha\OpenGL\main.cpp(409,57): warning C4305: 'argument': truncation from 'double' to 'GLfloat'
E:\Zalo Received Files\DHMT_Nhom7\HoangAnh\Tuan3\MoPhongThapCanCauVaNha\OpenGL\main.cpp(411,47): warning C4305: 'argument': truncation from 'double' to 'const GLfloat'
E:\Zalo Received Files\DHMT_Nhom7\HoangAnh\Tuan3\MoPhongThapCanCauVaNha\OpenGL\main.cpp(411,34): warning C4244: 'argument': conversion from 'double' to 'const GLfloat', possible loss of data
E:\Zalo Received Files\DHMT_Nhom7\HoangAnh\Tuan3\MoPhongThapCanCauVaNha\OpenGL\main.cpp(411,24): warning C4244: 'argument': conversion from 'double' to 'const GLfloat', possible loss of data
E:\Zalo Received Files\DHMT_Nhom7\HoangAnh\Tuan3\MoPhongThapCanCauVaNha\OpenGL\main.cpp(412,56): warning C4305: 'argument': truncation from 'double' to 'GLfloat'
E:\Zalo Received Files\DHMT_Nhom7\HoangAnh\Tuan3\MoPhongThapCanCauVaNha\OpenGL\main.cpp(412,57): warning C4305: 'argument': truncation from 'double' to 'GLfloat'
E:\Zalo Received Files\DHMT_Nhom7\HoangAnh\Tuan3\MoPhongThapCanCauVaNha\OpenGL\main.cpp(414,47): warning C4305: 'argument': truncation from 'double' to 'const GLfloat'
E:\Zalo Received Files\DHMT_Nhom7\HoangAnh\Tuan3\MoPhongThapCanCauVaNha\OpenGL\main.cpp(414,34): warning C4244: 'argument': conversion from 'double' to 'const GLfloat', possible loss of data
E:\Zalo Received Files\DHMT_Nhom7\HoangAnh\Tuan3\MoPhongThapCanCauVaNha\OpenGL\main.cpp(414,24): warning C4244: 'argument': conversion from 'double' to 'const GLfloat', possible loss of data
E:\Zalo Received Files\DHMT_Nhom7\HoangAnh\Tuan3\MoPhongThapCanCauVaNha\OpenGL\main.cpp(415,56): warning C4305: 'argument': truncation from 'double' to 'GLfloat'
E:\Zalo Received Files\DHMT_Nhom7\HoangAnh\Tuan3\MoPhongThapCanCauVaNha\OpenGL\main.cpp(415,57): warning C4305: 'argument': truncation from 'double' to 'GLfloat'
E:\Zalo Received Files\DHMT_Nhom7\HoangAnh\Tuan3\MoPhongThapCanCauVaNha\OpenGL\main.cpp(422,43): warning C4305: 'argument': truncation from 'double' to 'const GLfloat'
E:\Zalo Received Files\DHMT_Nhom7\HoangAnh\Tuan3\MoPhongThapCanCauVaNha\OpenGL\main.cpp(422,99): warning C4305: 'argument': truncation from 'double' to 'const GLfloat'
E:\Zalo Received Files\DHMT_Nhom7\HoangAnh\Tuan3\MoPhongThapCanCauVaNha\OpenGL\main.cpp(458,16): warning C4305: '-=': truncation from 'double' to 'GLfloat'
E:\Zalo Received Files\DHMT_Nhom7\HoangAnh\Tuan3\MoPhongThapCanCauVaNha\OpenGL\main.cpp(462,16): warning C4305: '+=': truncation from 'double' to 'GLfloat'
E:\Zalo Received Files\DHMT_Nhom7\HoangAnh\Tuan3\MoPhongThapCanCauVaNha\OpenGL\main.cpp(467,14): warning C4305: '-=': truncation from 'double' to 'GLfloat'
E:\Zalo Received Files\DHMT_Nhom7\HoangAnh\Tuan3\MoPhongThapCanCauVaNha\OpenGL\main.cpp(470,14): warning C4305: '+=': truncation from 'double' to 'GLfloat'
E:\Zalo Received Files\DHMT_Nhom7\HoangAnh\Tuan3\MoPhongThapCanCauVaNha\OpenGL\main.cpp(474,14): warning C4305: '-=': truncation from 'double' to 'GLfloat'
E:\Zalo Received Files\DHMT_Nhom7\HoangAnh\Tuan3\MoPhongThapCanCauVaNha\OpenGL\main.cpp(477,14): warning C4305: '+=': truncation from 'double' to 'GLfloat'
E:\Zalo Received Files\DHMT_Nhom7\HoangAnh\Tuan3\MoPhongThapCanCauVaNha\OpenGL\main.cpp(481,14): warning C4305: '-=': truncation from 'double' to 'GLfloat'
E:\Zalo Received Files\DHMT_Nhom7\HoangAnh\Tuan3\MoPhongThapCanCauVaNha\OpenGL\main.cpp(484,14): warning C4305: '+=': truncation from 'double' to 'GLfloat'
E:\Zalo Received Files\DHMT_Nhom7\HoangAnh\Tuan3\MoPhongThapCanCauVaNha\OpenGL\main.cpp(498,16): warning C4305: '*=': truncation from 'double' to 'GLfloat'
E:\Zalo Received Files\DHMT_Nhom7\HoangAnh\Tuan3\MoPhongThapCanCauVaNha\OpenGL\main.cpp(498,30): warning C4305: '*=': truncation from 'double' to 'GLfloat'
E:\Zalo Received Files\DHMT_Nhom7\HoangAnh\Tuan3\MoPhongThapCanCauVaNha\OpenGL\main.cpp(501,16): warning C4305: '*=': truncation from 'double' to 'GLfloat'
E:\Zalo Received Files\DHMT_Nhom7\HoangAnh\Tuan3\MoPhongThapCanCauVaNha\OpenGL\main.cpp(501,30): warning C4305: '*=': truncation from 'double' to 'GLfloat'
E:\Zalo Received Files\DHMT_Nhom7\HoangAnh\Tuan3\MoPhongThapCanCauVaNha\OpenGL\main.cpp(557,12): warning C4305: '+=': truncation from 'double' to 'GLfloat'
E:\Zalo Received Files\DHMT_Nhom7\HoangAnh\Tuan3\MoPhongThapCanCauVaNha\OpenGL\main.cpp(558,13): warning C4305: '-=': truncation from 'double' to 'GLfloat'
E:\Zalo Received Files\DHMT_Nhom7\HoangAnh\Tuan3\MoPhongThapCanCauVaNha\OpenGL\main.cpp(561,12): warning C4305: '-=': truncation from 'double' to 'GLfloat'
E:\Zalo Received Files\DHMT_Nhom7\HoangAnh\Tuan3\MoPhongThapCanCauVaNha\OpenGL\main.cpp(562,13): warning C4305: '+=': truncation from 'double' to 'GLfloat'
E:\Zalo Received Files\DHMT_Nhom7\HoangAnh\Tuan3\MoPhongThapCanCauVaNha\OpenGL\main.cpp(566,12): warning C4305: '+=': truncation from 'double' to 'GLfloat'
E:\Zalo Received Files\DHMT_Nhom7\HoangAnh\Tuan3\MoPhongThapCanCauVaNha\OpenGL\main.cpp(569,12): warning C4305: '-=': truncation from 'double' to 'GLfloat'
  OpenGL.vcxproj -> E:\Zalo Received Files\DHMT_Nhom7\HoangAnh\Tuan3\MoPhongThapCanCauVaNha\Debug\OpenGL.exe
